f:\workcpp\马赛克桌面\x64\debug\vc143.pdb
f:\workcpp\马赛克桌面\x64\debug\vc143.idb
f:\workcpp\马赛克桌面\x64\debug\源.obj
f:\workcpp\马赛克桌面\x64\debug\main.obj
f:\workcpp\马赛克桌面\x64\debug\马赛克桌面.pdb
f:\workcpp\马赛克桌面\x64\debug\马赛克桌面.tlog\cl.command.1.tlog
f:\workcpp\马赛克桌面\x64\debug\马赛克桌面.tlog\cl.read.1.tlog
f:\workcpp\马赛克桌面\x64\debug\马赛克桌面.tlog\cl.write.1.tlog
f:\workcpp\马赛克桌面\x64\debug\马赛克桌面.tlog\link-cvtres.read.1.tlog
f:\workcpp\马赛克桌面\x64\debug\马赛克桌面.tlog\link-cvtres.write.1.tlog
f:\workcpp\马赛克桌面\x64\debug\马赛克桌面.tlog\link-mt.read.1.tlog
f:\workcpp\马赛克桌面\x64\debug\马赛克桌面.tlog\link-mt.write.1.tlog
f:\workcpp\马赛克桌面\x64\debug\马赛克桌面.tlog\link-rc.read.1.tlog
f:\workcpp\马赛克桌面\x64\debug\马赛克桌面.tlog\link-rc.write.1.tlog
f:\workcpp\马赛克桌面\x64\debug\马赛克桌面.tlog\link.13508-cvtres.read.1.tlog
f:\workcpp\马赛克桌面\x64\debug\马赛克桌面.tlog\link.13508-cvtres.write.1.tlog
f:\workcpp\马赛克桌面\x64\debug\马赛克桌面.tlog\link.13508-mt.read.1.tlog
f:\workcpp\马赛克桌面\x64\debug\马赛克桌面.tlog\link.13508-mt.write.1.tlog
f:\workcpp\马赛克桌面\x64\debug\马赛克桌面.tlog\link.13508-rc.read.1.tlog
f:\workcpp\马赛克桌面\x64\debug\马赛克桌面.tlog\link.13508-rc.write.1.tlog
f:\workcpp\马赛克桌面\x64\debug\马赛克桌面.tlog\link.13508.read.1.tlog
f:\workcpp\马赛克桌面\x64\debug\马赛克桌面.tlog\link.13508.read.2.tlog
f:\workcpp\马赛克桌面\x64\debug\马赛克桌面.tlog\link.13508.write.1.tlog
f:\workcpp\马赛克桌面\x64\debug\马赛克桌面.tlog\link.command.1.tlog
f:\workcpp\马赛克桌面\x64\debug\马赛克桌面.tlog\link.read.1.tlog
f:\workcpp\马赛克桌面\x64\debug\马赛克桌面.tlog\link.read.2.tlog
f:\workcpp\马赛克桌面\x64\debug\马赛克桌面.tlog\link.write.1.tlog
